<?xml version="1.0" encoding="UTF-8"?>
<testng-results skipped="0" failed="0" ignored="0" total="1" passed="1">
  <reporter-output>
  </reporter-output>
  <suite name="Surefire suite" duration-ms="133" started-at="2021-05-19T12:36:18 IST" finished-at="2021-05-19T12:36:18 IST">
    <groups>
    </groups>
    <test name="Surefire test" duration-ms="133" started-at="2021-05-19T12:36:18 IST" finished-at="2021-05-19T12:36:18 IST">
      <class name="Section33Maven.Mavenjava.AppTest">
        <test-method status="PASS" signature="shouldAnswerWithTrue()" name="shouldAnswerWithTrue" duration-ms="27" started-at="2021-05-19T12:36:18 IST" finished-at="2021-05-19T12:36:18 IST">
          <reporter-output>
          </reporter-output>
        </test-method> <!-- shouldAnswerWithTrue -->
      </class> <!-- Section33Maven.Mavenjava.AppTest -->
    </test> <!-- Surefire test -->
  </suite> <!-- Surefire suite -->
</testng-results>
