<?xml version="1.0" encoding="UTF-8"?>
<!-- Generated by org.testng.reporters.JUnitXMLReporter -->
<testsuite ignored="1" hostname="Komal-PC" failures="0" tests="1" name="Default test" time="0.067" errors="0" timestamp="2021-05-20T12:49:21 IST">
  <testcase classname="Section33Maven.Mavenjava.RestApiTest" name="deleteTwitter" time="0.013"/>
  <testcase classname="Section33Maven.Mavenjava.RestApiTest" name="postJira" time="0.0">
    <ignored/>
  </testcase> <!-- postJira -->
</testsuite> <!-- Default test -->
