<?xml version="1.0" encoding="UTF-8"?>
<!-- Generated by org.testng.reporters.JUnitXMLReporter -->
<testsuite ignored="0" hostname="Komal-PC" failures="0" tests="4" name="Test" time="0.08" errors="0" timestamp="2021-09-25T19:10:10 IST">
  <testcase classname="Section33Maven.Mavenjava.AppiumTest" name="IosApps" time="0.009"/>
  <testcase classname="Section33Maven.Mavenjava.AppiumTest" name="nativeAppAndroid" time="0.002"/>
  <testcase classname="Section33Maven.Mavenjava.RestApiTest" name="deleteTwitter" time="0.002"/>
  <testcase classname="Section33Maven.Mavenjava.RestApiTest" name="postJira" time="0.001"/>
</testsuite> <!-- Test -->
