<?xml version="1.0" encoding="UTF-8"?>
<!-- Generated by org.testng.reporters.JUnitXMLReporter -->
<testsuite hostname="Komal-PC" ignored="0" name="Command line test" tests="6" failures="0" timestamp="2021-05-20T12:45:47 IST" time="0.073" errors="0">
  <testcase name="IosApps" time="0.007" classname="Section33Maven.Mavenjava.AppiumTest"/>
  <testcase name="nativeAppAndroid" time="0.0" classname="Section33Maven.Mavenjava.AppiumTest"/>
  <testcase name="deleteTwitter" time="0.0" classname="Section33Maven.Mavenjava.RestApiTest"/>
  <testcase name="postJira" time="0.0" classname="Section33Maven.Mavenjava.RestApiTest"/>
  <testcase name="browserAutomation" time="0.0" classname="Section33Maven.Mavenjava.SeleniumTest"/>
  <testcase name="elementsUi" time="0.0" classname="Section33Maven.Mavenjava.SeleniumTest"/>
</testsuite> <!-- Command line test -->
