<?xml version="1.0" encoding="UTF-8"?>
<!-- Generated by org.testng.reporters.JUnitXMLReporter -->
<testsuite hostname="Komal-PC" ignored="0" name="Surefire test" tests="6" failures="0" timestamp="2021-05-19T12:36:17 IST" time="0.072" errors="0">
  <testcase name="deleteTwitter" time="0.023" classname="Section33Maven.Mavenjava.AppiumTest"/>
  <testcase name="postJira" time="0.0" classname="Section33Maven.Mavenjava.AppiumTest"/>
  <testcase name="IosApps" time="0.0" classname="Section33Maven.Mavenjava.RestApiTest"/>
  <testcase name="nativeAppAndroid" time="0.0" classname="Section33Maven.Mavenjava.RestApiTest"/>
  <testcase name="browserAutomation" time="0.0" classname="Section33Maven.Mavenjava.SeleniumTest"/>
  <testcase name="elementsUi" time="0.001" classname="Section33Maven.Mavenjava.SeleniumTest"/>
</testsuite> <!-- Surefire test -->
