<?xml version="1.0" encoding="UTF-8"?>
<testng-results skipped="0" failed="0" ignored="0" total="6" passed="6">
  <reporter-output>
  </reporter-output>
  <suite name="Surefire suite" duration-ms="72" started-at="2021-05-19T12:36:17 IST" finished-at="2021-05-19T12:36:17 IST">
    <groups>
    </groups>
    <test name="Surefire test" duration-ms="72" started-at="2021-05-19T12:36:17 IST" finished-at="2021-05-19T12:36:17 IST">
      <class name="Section33Maven.Mavenjava.AppiumTest">
        <test-method status="PASS" signature="deleteTwitter()[pri:0, instance:Section33Maven.Mavenjava.AppiumTest@10bbd20a]" name="deleteTwitter" duration-ms="23" started-at="2021-05-19T12:36:17 IST" finished-at="2021-05-19T12:36:17 IST">
          <reporter-output>
          </reporter-output>
        </test-method> <!-- deleteTwitter -->
        <test-method status="PASS" signature="postJira()[pri:0, instance:Section33Maven.Mavenjava.AppiumTest@10bbd20a]" name="postJira" duration-ms="0" started-at="2021-05-19T12:36:17 IST" finished-at="2021-05-19T12:36:17 IST">
          <reporter-output>
          </reporter-output>
        </test-method> <!-- postJira -->
      </class> <!-- Section33Maven.Mavenjava.AppiumTest -->
      <class name="Section33Maven.Mavenjava.RestApiTest">
        <test-method status="PASS" signature="IosApps()[pri:0, instance:Section33Maven.Mavenjava.RestApiTest@1e965684]" name="IosApps" duration-ms="0" started-at="2021-05-19T12:36:17 IST" finished-at="2021-05-19T12:36:17 IST">
          <reporter-output>
          </reporter-output>
        </test-method> <!-- IosApps -->
        <test-method status="PASS" signature="nativeAppAndroid()[pri:0, instance:Section33Maven.Mavenjava.RestApiTest@1e965684]" name="nativeAppAndroid" duration-ms="0" started-at="2021-05-19T12:36:17 IST" finished-at="2021-05-19T12:36:17 IST">
          <reporter-output>
          </reporter-output>
        </test-method> <!-- nativeAppAndroid -->
      </class> <!-- Section33Maven.Mavenjava.RestApiTest -->
      <class name="Section33Maven.Mavenjava.SeleniumTest">
        <test-method status="PASS" signature="elementsUi()[pri:0, instance:Section33Maven.Mavenjava.SeleniumTest@4d95d2a2]" name="elementsUi" duration-ms="1" started-at="2021-05-19T12:36:17 IST" finished-at="2021-05-19T12:36:17 IST">
          <reporter-output>
          </reporter-output>
        </test-method> <!-- elementsUi -->
        <test-method status="PASS" signature="browserAutomation()[pri:0, instance:Section33Maven.Mavenjava.SeleniumTest@4d95d2a2]" name="browserAutomation" duration-ms="0" started-at="2021-05-19T12:36:17 IST" finished-at="2021-05-19T12:36:17 IST">
          <reporter-output>
          </reporter-output>
        </test-method> <!-- browserAutomation -->
      </class> <!-- Section33Maven.Mavenjava.SeleniumTest -->
    </test> <!-- Surefire test -->
  </suite> <!-- Surefire suite -->
</testng-results>
