<?xml version="1.0" encoding="UTF-8"?>
<!-- Generated by org.testng.reporters.JUnitXMLReporter -->
<testsuite hostname="Komal-PC" ignored="0" name="Test" tests="4" failures="0" timestamp="2021-05-20T12:40:09 IST" time="0.067" errors="0">
  <testcase name="IosApps" time="0.008" classname="Section33Maven.Mavenjava.AppiumTest"/>
  <testcase name="nativeAppAndroid" time="0.0" classname="Section33Maven.Mavenjava.AppiumTest"/>
  <testcase name="deleteTwitter" time="0.0" classname="Section33Maven.Mavenjava.RestApiTest"/>
  <testcase name="postJira" time="0.0" classname="Section33Maven.Mavenjava.RestApiTest"/>
</testsuite> <!-- Test -->
