<?xml version="1.0" encoding="UTF-8"?>
<testng-results skipped="0" failed="0" ignored="0" total="6" passed="6">
  <reporter-output>
  </reporter-output>
  <suite name="Command line suite" duration-ms="73" started-at="2021-05-20T12:45:47 IST" finished-at="2021-05-20T12:45:47 IST">
    <groups>
    </groups>
    <test name="Command line test" duration-ms="73" started-at="2021-05-20T12:45:47 IST" finished-at="2021-05-20T12:45:47 IST">
      <class name="Section33Maven.Mavenjava.AppiumTest">
        <test-method status="PASS" signature="IosApps()[pri:0, instance:Section33Maven.Mavenjava.AppiumTest@67205a84]" name="IosApps" duration-ms="7" started-at="2021-05-20T12:45:47 IST" finished-at="2021-05-20T12:45:47 IST">
          <reporter-output>
          </reporter-output>
        </test-method> <!-- IosApps -->
        <test-method status="PASS" signature="nativeAppAndroid()[pri:0, instance:Section33Maven.Mavenjava.AppiumTest@67205a84]" name="nativeAppAndroid" duration-ms="0" started-at="2021-05-20T12:45:47 IST" finished-at="2021-05-20T12:45:47 IST">
          <reporter-output>
          </reporter-output>
        </test-method> <!-- nativeAppAndroid -->
      </class> <!-- Section33Maven.Mavenjava.AppiumTest -->
      <class name="Section33Maven.Mavenjava.RestApiTest">
        <test-method status="PASS" signature="deleteTwitter()[pri:0, instance:Section33Maven.Mavenjava.RestApiTest@711f39f9]" name="deleteTwitter" duration-ms="0" started-at="2021-05-20T12:45:47 IST" finished-at="2021-05-20T12:45:47 IST">
          <reporter-output>
          </reporter-output>
        </test-method> <!-- deleteTwitter -->
        <test-method status="PASS" signature="postJira()[pri:0, instance:Section33Maven.Mavenjava.RestApiTest@711f39f9]" name="postJira" duration-ms="0" started-at="2021-05-20T12:45:47 IST" finished-at="2021-05-20T12:45:47 IST">
          <reporter-output>
          </reporter-output>
        </test-method> <!-- postJira -->
      </class> <!-- Section33Maven.Mavenjava.RestApiTest -->
      <class name="Section33Maven.Mavenjava.SeleniumTest">
        <test-method status="PASS" signature="browserAutomation()[pri:0, instance:Section33Maven.Mavenjava.SeleniumTest@71bbf57e]" name="browserAutomation" duration-ms="0" started-at="2021-05-20T12:45:47 IST" finished-at="2021-05-20T12:45:47 IST">
          <reporter-output>
          </reporter-output>
        </test-method> <!-- browserAutomation -->
        <test-method status="PASS" signature="elementsUi()[pri:0, instance:Section33Maven.Mavenjava.SeleniumTest@71bbf57e]" name="elementsUi" duration-ms="0" started-at="2021-05-20T12:45:47 IST" finished-at="2021-05-20T12:45:47 IST">
          <reporter-output>
          </reporter-output>
        </test-method> <!-- elementsUi -->
      </class> <!-- Section33Maven.Mavenjava.SeleniumTest -->
    </test> <!-- Command line test -->
  </suite> <!-- Command line suite -->
</testng-results>
