<?xml version="1.0" encoding="UTF-8"?>
<testng-results ignored="0" total="4" passed="4" failed="0" skipped="0">
  <reporter-output>
  </reporter-output>
  <suite started-at="2021-09-25T17:45:14 IST" name="Suite" finished-at="2021-09-25T17:45:14 IST" duration-ms="74">
    <groups>
    </groups>
    <test started-at="2021-09-25T17:45:14 IST" name="Test" finished-at="2021-09-25T17:45:14 IST" duration-ms="74">
      <class name="Section33Maven.Mavenjava.AppiumTest">
        <test-method signature="IosApps()[pri:0, instance:Section33Maven.Mavenjava.AppiumTest@3bf9ce3e]" started-at="2021-09-25T17:45:14 IST" name="IosApps" finished-at="2021-09-25T17:45:14 IST" duration-ms="8" status="PASS">
          <reporter-output>
          </reporter-output>
        </test-method> <!-- IosApps -->
        <test-method signature="nativeAppAndroid()[pri:0, instance:Section33Maven.Mavenjava.AppiumTest@3bf9ce3e]" started-at="2021-09-25T17:45:14 IST" name="nativeAppAndroid" finished-at="2021-09-25T17:45:14 IST" duration-ms="2" status="PASS">
          <reporter-output>
          </reporter-output>
        </test-method> <!-- nativeAppAndroid -->
      </class> <!-- Section33Maven.Mavenjava.AppiumTest -->
      <class name="Section33Maven.Mavenjava.RestApiTest">
        <test-method signature="deleteTwitter()[pri:0, instance:Section33Maven.Mavenjava.RestApiTest@16610890]" started-at="2021-09-25T17:45:14 IST" name="deleteTwitter" finished-at="2021-09-25T17:45:14 IST" duration-ms="3" status="PASS">
          <reporter-output>
          </reporter-output>
        </test-method> <!-- deleteTwitter -->
        <test-method signature="postJira()[pri:0, instance:Section33Maven.Mavenjava.RestApiTest@16610890]" started-at="2021-09-25T17:45:14 IST" name="postJira" finished-at="2021-09-25T17:45:14 IST" duration-ms="1" status="PASS">
          <reporter-output>
          </reporter-output>
        </test-method> <!-- postJira -->
      </class> <!-- Section33Maven.Mavenjava.RestApiTest -->
    </test> <!-- Test -->
  </suite> <!-- Suite -->
</testng-results>
